=== run_all.py started at 2026-06-17 08:51:47 ===
Log file: D:\serpent_data\results\analysis\MOX_Th_kaist\kaist\run_all_20260617_085147.log


>>> plot_reactivity_breeding_tradeoff.py
Discovered 16 cases: ['M43-10', 'M43-15', 'M43-20', 'M43-25', 'M43-30', 'M43-5', 'M70-10', 'M70-15', 'M70-20', 'M70-5', 'M87-10', 'M87-15', 'M87-20', 'M87-25', 'M87-30', 'mox1']
Saved: D:\serpent_data\results\analysis\MOX_Th_kaist\kaist\Reactivity_breeding\keff_vs_conversion_ratio_burnup.png
Saved: D:\serpent_data\results\analysis\MOX_Th_kaist\kaist\Reactivity_breeding\reactivity_breeding_summary.txt
<<< OK (1.3 s)

>>> plot_neutron_spectrum.py
Discovered 16 cases: ['M43-10', 'M43-15', 'M43-20', 'M43-25', 'M43-30', 'M43-5', 'M70-10', 'M70-15', 'M70-20', 'M70-5', 'M87-10', 'M87-15', 'M87-20', 'M87-25', 'M87-30', 'mox1']
Done. Log: D:\serpent_data\results\data_raw\MOX_Th_kaist\kaist\neutron_spectrum.log
<<< OK (16.6 s)

>>> plot_th232_capture_response.py
Discovered 16 cases: ['M43-10', 'M43-15', 'M43-20', 'M43-25', 'M43-30', 'M43-5', 'M70-10', 'M70-15', 'M70-20', 'M70-5', 'M87-10', 'M87-15', 'M87-20', 'M87-25', 'M87-30', 'mox1']
  M43-10: total response = 1.015e+17
  M43-15: total response = 9.951e+16
  M43-20: total response = 9.798e+16
  M43-25: total response = 9.709e+16
  M43-30: total response = 9.629e+16
  M43-5: total response = 1.054e+17
  M70-10: total response = 8.985e+16
  M70-15: total response = 8.599e+16
  M70-20: total response = 8.346e+16
  M70-5: total response = 9.697e+16
  M87-10: total response = 1.026e+17
  M87-15: total response = 1.006e+17
  M87-20: total response = 8.626e+16
  M87-25: total response = 9.848e+16
  M87-30: total response = 9.783e+16
  [skip] mox1: no Th-232 capture data

Th-232 capture region contributions (%):
        Thermal  Epithermal  Resonance  Fast
case                                        
M43-10     4.45       59.31      33.59  2.66
M43-15     4.54       59.06      33.69  2.72
M43-20     4.60       58.81      33.82  2.76
M43-25     4.65       58.82      33.74  2.79
M43-30     4.69       58.72      33.77  2.82
M43-5      4.29       59.96      33.20  2.55
M70-10     5.03       55.96      35.98  3.03
M70-15     5.26       55.26      36.30  3.18
M70-20     5.43       54.85      36.44  3.29
M70-5      4.66       57.64      34.91  2.79
M87-10     4.42       59.51      33.45  2.63
M87-15     4.51       59.25      33.55  2.69
M87-20     4.23       61.98      31.46  2.32
M87-25     4.61       59.13      33.51  2.76
M87-30     4.65       59.12      33.45  2.78
Saved: D:\serpent_data\results\analysis\MOX_Th_kaist\kaist\Th232_capture\Th232_capture_contribution_table.csv
<<< OK (1.7 s)

>>> plot_isotope_evolution.py
Discovered 16 cases: ['M43-10', 'M43-15', 'M43-20', 'M43-25', 'M43-30', 'M43-5', 'M70-10', 'M70-15', 'M70-20', 'M70-5', 'M87-10', 'M87-15', 'M87-20', 'M87-25', 'M87-30', 'mox1']

== M43-10 -> M43-10 ==
  eta_end = 3.6724e-02
== M43-15 -> M43-15 ==
  eta_end = 3.2294e-02
== M43-20 -> M43-20 ==
  eta_end = 2.9342e-02
== M43-25 -> M43-25 ==
  eta_end = 2.7221e-02
== M43-30 -> M43-30 ==
  eta_end = 2.5586e-02
== M43-5 -> M43-5 ==
  eta_end = 4.4423e-02
== M70-10 -> M70-10 ==
  eta_end = 3.7352e-02
== M70-15 -> M70-15 ==
  eta_end = 3.2850e-02
== M70-20 -> M70-20 ==
  eta_end = 2.9837e-02
== M70-5 -> M70-5 ==
  eta_end = 4.5225e-02
== M87-10 -> M87-10 ==
  eta_end = 3.7622e-02
== M87-15 -> M87-15 ==
  eta_end = 3.2960e-02
== M87-20 -> M87-20 ==
  eta_end = 2.9879e-02
== M87-25 -> M87-25 ==
  eta_end = 2.7644e-02
== M87-30 -> M87-30 ==
  eta_end = 2.5929e-02
== mox1 -> mox43 ==
  eta_end = 2.9119e+01

End-of-burnup summary: D:\serpent_data\results\analysis\MOX_Th_kaist\kaist\Isotope_evolution\isotope_evolution_final_burnup.csv
  case material     Th232      U233      U235      U238     Pu239     Pu240     Pu241     Pu242     Xe135     Sm149  burnup_end   eta_end
M43-10   M43-10 2.270e-03 7.869e-05 2.266e-05 1.906e-02 2.966e-04 1.976e-04 1.340e-04 8.485e-05 1.401e-08 2.003e-07   5.000e+01 3.672e-02
M43-15   M43-15 3.431e-03 1.046e-04 2.328e-05 1.791e-02 2.867e-04 1.945e-04 1.330e-04 8.465e-05 1.410e-08 2.005e-07   5.000e+01 3.229e-02
M43-20   M43-20 4.599e-03 1.274e-04 2.378e-05 1.676e-02 2.767e-04 1.911e-04 1.320e-04 8.443e-05 1.413e-08 1.998e-07   5.000e+01 2.934e-02
M43-25   M43-25 5.769e-03 1.483e-04 2.421e-05 1.562e-02 2.662e-04 1.877e-04 1.308e-04 8.432e-05 1.412e-08 1.985e-07   5.000e+01 2.722e-02
M43-30   M43-30 6.943e-03 1.677e-04 2.460e-05 1.447e-02 2.554e-04 1.842e-04 1.296e-04 8.425e-05 1.408e-08 1.968e-07   5.000e+01 2.559e-02
 M43-5    M43-5 1.120e-03 4.696e-05 2.183e-05 2.021e-02 3.051e-04 2.005e-04 1.348e-04 8.530e-05 1.381e-08 1.985e-07   5.000e+01 4.442e-02
M70-10   M70-10 2.267e-03 8.007e-05 2.425e-05 1.845e-02 3.848e-04 3.191e-04 1.952e-04 1.291e-04 1.751e-08 2.622e-07   5.000e+01 3.735e-02
M70-15   M70-15 3.427e-03 1.064e-04 2.483e-05 1.731e-02 3.749e-04 3.162e-04 1.943e-04 1.288e-04 1.760e-08 2.625e-07   5.000e+01 3.285e-02
M70-20   M70-20 4.592e-03 1.296e-04 2.530e-05 1.616e-02 3.640e-04 3.132e-04 1.932e-04 1.287e-04 1.762e-08 2.618e-07   5.000e+01 2.984e-02
 M70-5    M70-5 1.119e-03 4.783e-05 2.348e-05 1.960e-02 3.933e-04 3.215e-04 1.959e-04 1.296e-04 1.731e-08 2.600e-07   5.000e+01 4.523e-02
M87-10   M87-10 2.276e-03 8.115e-05 2.672e-05 1.814e-02 5.116e-04 4.098e-04 2.424e-04 1.492e-04 2.097e-08 3.413e-07   5.000e+01 3.762e-02
M87-15   M87-15 3.440e-03 1.075e-04 2.725e-05 1.699e-02 5.009e-04 4.075e-04 2.416e-04 1.490e-04 2.104e-08 3.414e-07   5.000e+01 3.296e-02
M87-20   M87-20 4.611e-03 1.306e-04 2.768e-05 1.584e-02 4.892e-04 4.050e-04 2.406e-04 1.488e-04 2.105e-08 3.405e-07   5.000e+01 2.988e-02
M87-25   M87-25 5.784e-03 1.515e-04 2.805e-05 1.469e-02 4.768e-04 4.020e-04 2.396e-04 1.488e-04 2.103e-08 3.387e-07   5.000e+01 2.764e-02
M87-30   M87-30 6.960e-03 1.710e-04 2.838e-05 1.354e-02 4.636e-04 3.993e-04 2.385e-04 1.487e-04 2.097e-08 3.364e-07   5.000e+01 2.593e-02
  mox1    mox43 3.858e-13 1.109e-11 2.041e-05 2.135e-02 3.113e-04 2.030e-04 1.353e-04 8.615e-05 1.334e-08 1.931e-07   5.000e+01 2.912e+01
<<< OK (14.0 s)

>>> plot_isotope_comparison.py
Discovered 16 cases: ['M43-10', 'M43-15', 'M43-20', 'M43-25', 'M43-30', 'M43-5', 'M70-10', 'M70-15', 'M70-20', 'M70-5', 'M87-10', 'M87-15', 'M87-20', 'M87-25', 'M87-30', 'mox1']
Target isotopes (21): ['Th232', 'Pa233', 'U233', 'U234', 'U235', 'U236', 'U237', 'U238', 'Np237', 'Np239', 'Pu238', 'Pu239', 'Pu240', 'Pu241', 'Pu242', 'Am241', 'Am243', 'Xe135', 'Sm149', 'Cs137', 'Nd143']

Th232: 16/16 cases -> plotting
Pa233: 16/16 cases -> plotting
U233: 16/16 cases -> plotting
U234: 16/16 cases -> plotting
U235: 16/16 cases -> plotting
U236: 16/16 cases -> plotting
U237: 16/16 cases -> plotting
U238: 16/16 cases -> plotting
Np237: 16/16 cases -> plotting
Np239: 16/16 cases -> plotting
Pu238: 16/16 cases -> plotting
Pu239: 16/16 cases -> plotting
Pu240: 16/16 cases -> plotting
Pu241: 16/16 cases -> plotting
Pu242: 16/16 cases -> plotting
Am241: 16/16 cases -> plotting
Am243: 16/16 cases -> plotting
Xe135: 16/16 cases -> plotting
Sm149: 16/16 cases -> plotting
Cs137: 16/16 cases -> plotting
Nd143: 16/16 cases -> plotting

Long-format CSV: D:\serpent_data\results\analysis\MOX_Th_kaist\kaist\Isotope_comparison\isotope_comparison_all_long.csv

End-of-burnup atomic density (atom / b-cm):
case       M43-10    M43-15    M43-20    M43-25    M43-30     M43-5    M70-10    M70-15    M70-20     M70-5    M87-10    M87-15    M87-20    M87-25    M87-30      mox1
isotope                                                                                                                                                                
Am241   1.096e-05 1.095e-05 1.092e-05 1.088e-05 1.082e-05 1.092e-05 1.795e-05 1.797e-05 1.795e-05 1.787e-05 2.469e-05 2.474e-05 2.474e-05 2.472e-05 2.467e-05 1.077e-05
Am243   2.722e-05 2.719e-05 2.722e-05 2.726e-05 2.728e-05 2.723e-05 3.729e-05 3.731e-05 3.736e-05 3.732e-05 4.102e-05 4.102e-05 4.111e-05 4.111e-05 4.121e-05 2.733e-05
Cs137   6.222e-05 6.235e-05 6.240e-05 6.243e-05 6.241e-05 6.196e-05 7.820e-05 7.832e-05 7.839e-05 7.798e-05 8.208e-05 8.207e-05 8.204e-05 8.201e-05 8.196e-05 6.133e-05
Nd143   3.677e-05 3.710e-05 3.734e-05 3.754e-05 3.769e-05 3.628e-05 4.650e-05 4.682e-05 4.707e-05 4.605e-05 4.996e-05 5.018e-05 5.035e-05 5.049e-05 5.061e-05 3.536e-05
Np237   4.070e-06 3.886e-06 3.692e-06 3.502e-06 3.305e-06 4.255e-06 4.138e-06 3.941e-06 3.743e-06 4.328e-06 4.227e-06 4.011e-06 3.799e-06 3.586e-06 3.370e-06 4.433e-06
Np239   1.763e-06 1.685e-06 1.610e-06 1.536e-06 1.463e-06 1.845e-06 1.726e-06 1.650e-06 1.576e-06 1.808e-06 1.673e-06 1.598e-06 1.523e-06 1.451e-06 1.378e-06 1.940e-06
Pa233   4.657e-06 6.189e-06 7.532e-06 8.767e-06 9.916e-06 2.783e-06 4.615e-06 6.130e-06 7.455e-06 2.760e-06 4.485e-06 5.936e-06 7.210e-06 8.369e-06 9.440e-06 1.467e-13
Pu238   2.172e-05 2.166e-05 2.159e-05 2.152e-05 2.144e-05 2.177e-05 3.408e-05 3.402e-05 3.396e-05 3.412e-05 4.262e-05 4.257e-05 4.250e-05 4.243e-05 4.235e-05 2.179e-05
Pu239   2.966e-04 2.867e-04 2.767e-04 2.662e-04 2.554e-04 3.051e-04 3.848e-04 3.749e-04 3.640e-04 3.933e-04 5.116e-04 5.009e-04 4.892e-04 4.768e-04 4.636e-04 3.113e-04
Pu240   1.976e-04 1.945e-04 1.911e-04 1.877e-04 1.842e-04 2.005e-04 3.191e-04 3.162e-04 3.132e-04 3.215e-04 4.098e-04 4.075e-04 4.050e-04 4.020e-04 3.993e-04 2.030e-04
Pu241   1.340e-04 1.330e-04 1.320e-04 1.308e-04 1.296e-04 1.348e-04 1.952e-04 1.943e-04 1.932e-04 1.959e-04 2.424e-04 2.416e-04 2.406e-04 2.396e-04 2.385e-04 1.353e-04
Pu242   8.485e-05 8.465e-05 8.443e-05 8.432e-05 8.425e-05 8.530e-05 1.291e-04 1.288e-04 1.287e-04 1.296e-04 1.492e-04 1.490e-04 1.488e-04 1.488e-04 1.487e-04 8.615e-05
Sm149   2.003e-07 2.005e-07 1.998e-07 1.985e-07 1.968e-07 1.985e-07 2.622e-07 2.625e-07 2.618e-07 2.600e-07 3.413e-07 3.414e-07 3.405e-07 3.387e-07 3.364e-07 1.931e-07
Th232   2.270e-03 3.431e-03 4.599e-03 5.769e-03 6.943e-03 1.120e-03 2.267e-03 3.427e-03 4.592e-03 1.119e-03 2.276e-03 3.440e-03 4.611e-03 5.784e-03 6.960e-03 3.858e-13
U233    7.869e-05 1.046e-04 1.274e-04 1.483e-04 1.677e-04 4.696e-05 8.007e-05 1.064e-04 1.296e-04 4.783e-05 8.115e-05 1.075e-04 1.306e-04 1.515e-04 1.710e-04 1.109e-11
U234    9.449e-06 1.232e-05 1.484e-05 1.713e-05 1.927e-05 5.878e-06 9.454e-06 1.226e-05 1.470e-05 5.981e-06 9.046e-06 1.162e-05 1.385e-05 1.587e-05 1.775e-05 3.993e-07
U235    2.266e-05 2.328e-05 2.378e-05 2.421e-05 2.460e-05 2.183e-05 2.425e-05 2.483e-05 2.530e-05 2.348e-05 2.672e-05 2.725e-05 2.768e-05 2.805e-05 2.838e-05 2.041e-05
U236    6.505e-06 6.523e-06 6.544e-06 6.568e-06 6.594e-06 6.487e-06 6.439e-06 6.459e-06 6.480e-06 6.424e-06 6.243e-06 6.252e-06 6.266e-06 6.280e-06 6.297e-06 6.480e-06
U237    5.401e-08 5.171e-08 4.929e-08 4.680e-08 4.436e-08 5.642e-08 5.331e-08 5.070e-08 4.835e-08 5.593e-08 5.320e-08 5.022e-08 4.786e-08 4.522e-08 4.270e-08 5.942e-08
U238    1.906e-02 1.791e-02 1.676e-02 1.562e-02 1.447e-02 2.021e-02 1.845e-02 1.731e-02 1.616e-02 1.960e-02 1.814e-02 1.699e-02 1.584e-02 1.469e-02 1.354e-02 2.135e-02
Xe135   1.401e-08 1.410e-08 1.413e-08 1.412e-08 1.408e-08 1.381e-08 1.751e-08 1.760e-08 1.762e-08 1.731e-08 2.097e-08 2.104e-08 2.105e-08 2.103e-08 2.097e-08 1.334e-08
<<< OK (8.8 s)

All 5 scripts completed in 42.5 s
=== run_all.py finished at 2026-06-17 08:52:29 ===
